[debug] [2025-02-01T07:30:57.904Z] ----------------------------------------------------------------------
[debug] [2025-02-01T07:30:57.906Z] Command:       /usr/local/bin/firebase /Users/s23088/.cache/firebase/tools/lib/node_modules/firebase-tools/lib/bin/firebase init firestore
[debug] [2025-02-01T07:30:57.907Z] CLI Version:   13.29.0
[debug] [2025-02-01T07:30:57.907Z] Platform:      darwin
[debug] [2025-02-01T07:30:57.907Z] Node Version:  v18.5.0
[debug] [2025-02-01T07:30:57.911Z] Time:          Sat Feb 01 2025 16:30:57 GMT+0900 (GMT+09:00)
[debug] [2025-02-01T07:30:57.912Z] ----------------------------------------------------------------------
[debug] 
[debug] [2025-02-01T07:30:57.921Z] >>> [apiv2][query] GET https://firebase-public.firebaseio.com/cli.json [none]
[debug] [2025-02-01T07:30:57.972Z] > command requires scopes: ["email","openid","https://www.googleapis.com/auth/cloudplatformprojects.readonly","https://www.googleapis.com/auth/firebase","https://www.googleapis.com/auth/cloud-platform"]
[debug] [2025-02-01T07:30:57.976Z] > authorizing via signed-in user (singular0316@gmail.com)
[info] 
     ######## #### ########  ######## ########     ###     ######  ########
     ##        ##  ##     ## ##       ##     ##  ##   ##  ##       ##
     ######    ##  ########  ######   ########  #########  ######  ######
     ##        ##  ##    ##  ##       ##     ## ##     ##       ## ##
     ##       #### ##     ## ######## ########  ##     ##  ######  ########

You're about to initialize a Firebase project in this directory:

  /Users/s23088/Development/iroiro/functions

[info] 
=== Project Setup
[info] 
[info] First, let's associate this project directory with a Firebase project.
[info] You can create multiple project aliases by running firebase use --add, 
[info] but for now we'll just set up a default project.
[info] 
[debug] [2025-02-01T07:30:58.402Z] <<< [apiv2][status] GET https://firebase-public.firebaseio.com/cli.json 200
[debug] [2025-02-01T07:30:58.406Z] <<< [apiv2][body] GET https://firebase-public.firebaseio.com/cli.json {"cloudBuildErrorAfter":1594252800000,"cloudBuildWarnAfter":1590019200000,"defaultNode10After":1594252800000,"minVersion":"3.0.5","node8DeploysDisabledAfter":1613390400000,"node8RuntimeDisabledAfter":1615809600000,"node8WarnAfter":1600128000000}
